<?xml version="1.0" encoding="UTF-8"?>
<!-- Generated by org.testng.reporters.JUnitXMLReporter -->
<testsuite ignored="0" hostname="DESKTOP-OJFEH9S" failures="1" tests="1" name="Test" time="1.409" errors="0" timestamp="2023-04-28T16:16:32 IST">
  <testcase classname="browserstock.stack" name="test" time="1.328">
    <failure type="org.openqa.selenium.SessionNotCreatedException" message="Could not start a new session. Response code 500. Message: An unknown server-side error occurred while processing the command. Original error: Device 192.168.0.132:5555 was not in the list of connected devices 
Host info: host: &amp;apos;DESKTOP-OJFEH9S&amp;apos;, ip: &amp;apos;192.168.0.56&amp;apos;
Build info: version: &amp;apos;4.8.0&amp;apos;, revision: &amp;apos;267030adea&amp;apos;
System info: os.name: &amp;apos;Windows 10&amp;apos;, os.arch: &amp;apos;amd64&amp;apos;, os.version: &amp;apos;10.0&amp;apos;, java.version: &amp;apos;17.0.6&amp;apos;
Driver info: io.appium.java_client.android.AndroidDriver
Command: [null, newSession {capabilities=[{appium:appActivity=com.bellesoft.stprotradingroom.MainActivity, appium:appPackage=com.bellesoft.stprotradingroom, appium:databaseEnabled=false, appium:deviceName=Galaxy S20 FE 5G, platformName=ANDROID, appium:platformVersion=13, appium:udid=192.168.0.132:5555}], desiredCapabilities=Capabilities {appActivity: com.bellesoft.stprotradingr..., appPackage: com.bellesoft.stprotradingroom, databaseEnabled: false, deviceName: Galaxy S20 FE 5G, platformName: ANDROID, platformVersion: 13, udid: 192.168.0.132:5555}}]
Capabilities {}">
      <![CDATA[org.openqa.selenium.SessionNotCreatedException: Could not start a new session. Response code 500. Message: An unknown server-side error occurred while processing the command. Original error: Device 192.168.0.132:5555 was not in the list of connected devices 
Host info: host: 'DESKTOP-OJFEH9S', ip: '192.168.0.56'
Build info: version: '4.8.0', revision: '267030adea'
System info: os.name: 'Windows 10', os.arch: 'amd64', os.version: '10.0', java.version: '17.0.6'
Driver info: io.appium.java_client.android.AndroidDriver
Command: [null, newSession {capabilities=[{appium:appActivity=com.bellesoft.stprotradingroom.MainActivity, appium:appPackage=com.bellesoft.stprotradingroom, appium:databaseEnabled=false, appium:deviceName=Galaxy S20 FE 5G, platformName=ANDROID, appium:platformVersion=13, appium:udid=192.168.0.132:5555}], desiredCapabilities=Capabilities {appActivity: com.bellesoft.stprotradingr..., appPackage: com.bellesoft.stprotradingroom, databaseEnabled: false, deviceName: Galaxy S20 FE 5G, platformName: ANDROID, platformVersion: 13, udid: 192.168.0.132:5555}}]
Capabilities {}
at org.openqa.selenium.remote.ProtocolHandshake.createSession(ProtocolHandshake.java:148)
at io.appium.java_client.remote.AppiumProtocolHandshake.createSession(AppiumProtocolHandshake.java:133)
at io.appium.java_client.remote.AppiumProtocolHandshake.createSession(AppiumProtocolHandshake.java:102)
at io.appium.java_client.remote.AppiumCommandExecutor.createSession(AppiumCommandExecutor.java:194)
at io.appium.java_client.remote.AppiumCommandExecutor.execute(AppiumCommandExecutor.java:262)
at org.openqa.selenium.remote.RemoteWebDriver.execute(RemoteWebDriver.java:543)
at io.appium.java_client.AppiumDriver.startSession(AppiumDriver.java:229)
at org.openqa.selenium.remote.RemoteWebDriver.<init>(RemoteWebDriver.java:157)
at io.appium.java_client.AppiumDriver.<init>(AppiumDriver.java:80)
at io.appium.java_client.AppiumDriver.<init>(AppiumDriver.java:92)
at io.appium.java_client.android.AndroidDriver.<init>(AndroidDriver.java:117)
at browserstock.stack.test(stack.java:56)
at java.base/java.util.ArrayList.forEach(ArrayList.java:1511)
... Removed 35 stack frames]]>
    </failure>
  </testcase> <!-- test -->
</testsuite> <!-- Test -->
